# JRE version: Java(TM) SE Runtime Environment (8.0_40-b26) (build 1.8.0_40-b26)
# Java VM: Java HotSpot(TM) Client VM (25.40-b25 mixed mode windows-x86 )
Heap:
 def new generation   total 8832K, used 2057K [0x04e00000, 0x05790000, 0x0a350000)
  eden space 7872K,  16% used [0x04e00000, 0x04f47530, 0x055b0000)
  from space 960K,  77% used [0x056a0000, 0x0575b1c0, 0x05790000)
  to   space 960K,   0% used [0x055b0000, 0x055b0000, 0x056a0000)
 tenured generation   total 19476K, used 16124K [0x0a350000, 0x0b655000, 0x14e00000)
   the space 19476K,  82% used [0x0a350000, 0x0b30f178, 0x0b30f200, 0x0b655000)
 Metaspace       used 18273K, capacity 18549K, committed 18688K, reserved 18816K
GC Heap History (10 events):
Event: 8.610 GC heap before
{Heap before GC invocations=12 (full 1):
 def new generation   total 4992K, used 4992K [0x04e00000, 0x05360000, 0x0a350000)
  eden space 4480K, 100% used [0x04e00000, 0x05260000, 0x05260000)
  from space 512K, 100% used [0x05260000, 0x052e0000, 0x052e0000)
  to   space 512K,   0% used [0x052e0000, 0x052e0000, 0x05360000)
 tenured generation   total 10944K, used 9536K [0x0a350000, 0x0ae00000, 0x14e00000)
   the space 10944K,  87% used [0x0a350000, 0x0aca03c8, 0x0aca0400, 0x0ae00000)
 Metaspace       used 16835K, capacity 17091K, committed 17152K, reserved 17792K
Event: 8.614 GC heap after
Heap after GC invocations=13 (full 1):
 def new generation   total 4992K, used 358K [0x04e00000, 0x05360000, 0x0a350000)
  eden space 4480K,   0% used [0x04e00000, 0x04e00000, 0x05260000)
  from space 512K,  70% used [0x052e0000, 0x05339b38, 0x05360000)
  to   space 512K,   0% used [0x05260000, 0x05260000, 0x052e0000)
 tenured generation   total 10944K, used 10016K [0x0a350000, 0x0ae00000, 0x14e00000)
   the space 10944K,  91% used [0x0a350000, 0x0ad182a8, 0x0ad18400, 0x0ae00000)
 Metaspace       used 16835K, capacity 17091K, committed 17152K, reserved 17792K
}
Event: 9.331 GC heap before
{Heap before GC invocations=13 (full 1):
 def new generation   total 4992K, used 4838K [0x04e00000, 0x05360000, 0x0a350000)
  eden space 4480K, 100% used [0x04e00000, 0x05260000, 0x05260000)
  from space 512K,  70% used [0x052e0000, 0x05339b38, 0x05360000)
  to   space 512K,   0% used [0x05260000, 0x05260000, 0x052e0000)
 tenured generation   total 10944K, used 10016K [0x0a350000, 0x0ae00000, 0x14e00000)
   the space 10944K,  91% used [0x0a350000, 0x0ad182a8, 0x0ad18400, 0x0ae00000)
 Metaspace       used 17163K, capacity 17379K, committed 17536K, reserved 17792K
Event: 9.381 GC heap after
Heap after GC invocations=14 (full 2):
 def new generation   total 8832K, used 0K [0x04e00000, 0x05790000, 0x0a350000)
  eden space 7872K,   0% used [0x04e00000, 0x04e00000, 0x055b0000)
  from space 960K,   0% used [0x055b0000, 0x055b0000, 0x056a0000)
  to   space 960K,   0% used [0x056a0000, 0x056a0000, 0x05790000)
 tenured generation   total 19476K, used 11684K [0x0a350000, 0x0b655000, 0x14e00000)
   the space 19476K,  59% used [0x0a350000, 0x0aeb9068, 0x0aeb9200, 0x0b655000)
 Metaspace       used 17159K, capacity 17367K, committed 17536K, reserved 17792K
}
Event: 9.518 GC heap before
{Heap before GC invocations=14 (full 2):
 def new generation   total 8832K, used 7872K [0x04e00000, 0x05790000, 0x0a350000)
  eden space 7872K, 100% used [0x04e00000, 0x055b0000, 0x055b0000)
  from space 960K,   0% used [0x055b0000, 0x055b0000, 0x056a0000)
  to   space 960K,   0% used [0x056a0000, 0x056a0000, 0x05790000)
 tenured generation   total 19476K, used 11684K [0x0a350000, 0x0b655000, 0x14e00000)
   the space 19476K,  59% used [0x0a350000, 0x0aeb9068, 0x0aeb9200, 0x0b655000)
 Metaspace       used 17206K, capacity 17431K, committed 17536K, reserved 17792K
Event: 9.534 GC heap after
Heap after GC invocations=15 (full 2):
 def new generation   total 8832K, used 959K [0x04e00000, 0x05790000, 0x0a350000)
  eden space 7872K,   0% used [0x04e00000, 0x04e00000, 0x055b0000)
  from space 960K,  99% used [0x056a0000, 0x0578fff8, 0x05790000)
  to   space 960K,   0% used [0x055b0000, 0x055b0000, 0x056a0000)
 tenured generation   total 19476K, used 14428K [0x0a350000, 0x0b655000, 0x14e00000)
   the space 19476K,  74% used [0x0a350000, 0x0b167398, 0x0b167400, 0x0b655000)
 Metaspace       used 17206K, capacity 17431K, committed 17536K, reserved 17792K
}
Event: 10.933 GC heap before
{Heap before GC invocations=15 (full 2):
 def new generation   total 8832K, used 8831K [0x04e00000, 0x05790000, 0x0a350000)
  eden space 7872K, 100% used [0x04e00000, 0x055b0000, 0x055b0000)
  from space 960K,  99% used [0x056a0000, 0x0578fff8, 0x05790000)
  to   space 960K,   0% used [0x055b0000, 0x055b0000, 0x056a0000)
 tenured generation   total 19476K, used 14428K [0x0a350000, 0x0b655000, 0x14e00000)
   the space 19476K,  74% used [0x0a350000, 0x0b167398, 0x0b167400, 0x0b655000)
 Metaspace       used 17663K, capacity 17951K, committed 18048K, reserved 18816K
Event: 10.944 GC heap after
Heap after GC invocations=16 (full 2):
 def new generation   total 8832K, used 827K [0x04e00000, 0x05790000, 0x0a350000)
  eden space 7872K,   0% used [0x04e00000, 0x04e00000, 0x055b0000)
  from space 960K,  86% used [0x055b0000, 0x0567eca0, 0x056a0000)
  to   space 960K,   0% used [0x056a0000, 0x056a0000, 0x05790000)
 tenured generation   total 19476K, used 15382K [0x0a350000, 0x0b655000, 0x14e00000)
   the space 19476K,  78% used [0x0a350000, 0x0b255ac8, 0x0b255c00, 0x0b655000)
 Metaspace       used 17663K, capacity 17951K, committed 18048K, reserved 18816K
}
Event: 70.011 GC heap before
{Heap before GC invocations=16 (full 2):
 def new generation   total 8832K, used 8691K [0x04e00000, 0x05790000, 0x0a350000)
  eden space 7872K,  99% used [0x04e00000, 0x055ae200, 0x055b0000)
  from space 960K,  86% used [0x055b0000, 0x0567eca0, 0x056a0000)
  to   space 960K,   0% used [0x056a0000, 0x056a0000, 0x05790000)
 tenured generation   total 19476K, used 15382K [0x0a350000, 0x0b655000, 0x14e00000)
   the space 19476K,  78% used [0x0a350000, 0x0b255ac8, 0x0b255c00, 0x0b655000)
 Metaspace       used 17934K, capacity 18214K, committed 18304K, reserved 18816K
Event: 70.019 GC heap after
Heap after GC invocations=17 (full 2):
 def new generation   total 8832K, used 748K [0x04e00000, 0x05790000, 0x0a350000)
  eden space 7872K,   0% used [0x04e00000, 0x04e00000, 0x055b0000)
  from space 960K,  77% used [0x056a0000, 0x0575b1c0, 0x05790000)
  to   space 960K,   0% used [0x055b0000, 0x055b0000, 0x056a0000)
 tenured generation   total 19476K, used 16124K [0x0a350000, 0x0b655000, 0x14e00000)
   the space 19476K,  82% used [0x0a350000, 0x0b30f178, 0x0b30f200, 0x0b655000)
 Metaspace       used 17934K, capacity 18214K, committed 18304K, reserved 18816K
}

